0 info it worked if it ends with ok
1 verbose cli [ '/Users/paoloalmeida/.nvm/versions/node/v6.7.0/bin/node',
1 verbose cli   '/Users/paoloalmeida/.nvm/versions/node/v6.7.0/bin/npm',
1 verbose cli   'run',
1 verbose cli   'deploy' ]
2 info using npm@3.10.3
3 info using node@v6.7.0
4 verbose run-script [ 'predeploy', 'deploy', 'postdeploy' ]
5 info lifecycle fila-de-espera@1.0.0~predeploy: fila-de-espera@1.0.0
6 silly lifecycle fila-de-espera@1.0.0~predeploy: no script for predeploy, continuing
7 info lifecycle fila-de-espera@1.0.0~deploy: fila-de-espera@1.0.0
8 verbose lifecycle fila-de-espera@1.0.0~deploy: unsafe-perm in lifecycle true
9 verbose lifecycle fila-de-espera@1.0.0~deploy: PATH: /Users/paoloalmeida/.nvm/versions/node/v6.7.0/lib/node_modules/npm/bin/node-gyp-bin:/Users/paoloalmeida/Projects/fila-de-espera/node_modules/.bin:/Users/paoloalmeida/.nvm/versions/node/v6.7.0/bin:/Users/paoloalmeida/.nvm/versions/node/v6.7.0/bin:/usr/local/bin:/usr/bin:/bin:/usr/sbin:/sbin
10 verbose lifecycle fila-de-espera@1.0.0~deploy: CWD: /Users/paoloalmeida/Projects/fila-de-espera
11 silly lifecycle fila-de-espera@1.0.0~deploy: Args: [ '-c', 'gh-pages -d ./src' ]
12 silly lifecycle fila-de-espera@1.0.0~deploy: Returned: code: 1  signal: null
13 info lifecycle fila-de-espera@1.0.0~deploy: Failed to exec deploy script
14 verbose stack Error: fila-de-espera@1.0.0 deploy: `gh-pages -d ./src`
14 verbose stack Exit status 1
14 verbose stack     at EventEmitter.<anonymous> (/Users/paoloalmeida/.nvm/versions/node/v6.7.0/lib/node_modules/npm/lib/utils/lifecycle.js:242:16)
14 verbose stack     at emitTwo (events.js:106:13)
14 verbose stack     at EventEmitter.emit (events.js:191:7)
14 verbose stack     at ChildProcess.<anonymous> (/Users/paoloalmeida/.nvm/versions/node/v6.7.0/lib/node_modules/npm/lib/utils/spawn.js:40:14)
14 verbose stack     at emitTwo (events.js:106:13)
14 verbose stack     at ChildProcess.emit (events.js:191:7)
14 verbose stack     at maybeClose (internal/child_process.js:877:16)
14 verbose stack     at Process.ChildProcess._handle.onexit (internal/child_process.js:226:5)
15 verbose pkgid fila-de-espera@1.0.0
16 verbose cwd /Users/paoloalmeida/Projects/fila-de-espera
17 error Darwin 15.6.0
18 error argv "/Users/paoloalmeida/.nvm/versions/node/v6.7.0/bin/node" "/Users/paoloalmeida/.nvm/versions/node/v6.7.0/bin/npm" "run" "deploy"
19 error node v6.7.0
20 error npm  v3.10.3
21 error code ELIFECYCLE
22 error fila-de-espera@1.0.0 deploy: `gh-pages -d ./src`
22 error Exit status 1
23 error Failed at the fila-de-espera@1.0.0 deploy script 'gh-pages -d ./src'.
23 error Make sure you have the latest version of node.js and npm installed.
23 error If you do, this is most likely a problem with the fila-de-espera package,
23 error not with npm itself.
23 error Tell the author that this fails on your system:
23 error     gh-pages -d ./src
23 error You can get information on how to open an issue for this project with:
23 error     npm bugs fila-de-espera
23 error Or if that isn't available, you can get their info via:
23 error     npm owner ls fila-de-espera
23 error There is likely additional logging output above.
24 verbose exit [ 1, true ]
